time="2026-01-22T11:22:02+10:00" level=warning msg="C:\\Users\\paul\\source\\repos\\capoo-trade\\docker-compose.yml: the attribute `version` is obsolete, it will be ignored, please remove it to avoid potential confusion"
Compose now can delegate build to bake for better performances
Just set COMPOSE_BAKE=true
#0 building with "desktop-linux" instance using docker driver

#1 [api internal] load build definition from Dockerfile
#1 transferring dockerfile: 995B done
#1 DONE 0.0s

#2 [api internal] load metadata for mcr.microsoft.com/dotnet/aspnet:9.0
#2 ...

#3 [api internal] load metadata for mcr.microsoft.com/dotnet/sdk:9.0
#3 DONE 0.3s

#2 [api internal] load metadata for mcr.microsoft.com/dotnet/aspnet:9.0
#2 DONE 0.3s

#4 [api internal] load .dockerignore
#4 transferring context: 202B done
#4 DONE 0.0s

#5 [api build 1/7] FROM mcr.microsoft.com/dotnet/sdk:9.0@sha256:0d84f05256dec37a5d1739158fd5ea197b8ad3b4e8d0e32be47b754db5963a9e
#5 resolve mcr.microsoft.com/dotnet/sdk:9.0@sha256:0d84f05256dec37a5d1739158fd5ea197b8ad3b4e8d0e32be47b754db5963a9e 0.0s done
#5 DONE 0.0s

#6 [api base 1/3] FROM mcr.microsoft.com/dotnet/aspnet:9.0@sha256:8bbb7b9045f04a32d2eaad43b351e67f07c1f9604811dd505fc3654b4bec2176
#6 resolve mcr.microsoft.com/dotnet/aspnet:9.0@sha256:8bbb7b9045f04a32d2eaad43b351e67f07c1f9604811dd505fc3654b4bec2176 0.0s done
#6 DONE 0.0s

#7 [api internal] load build context
#7 transferring context: 2.77kB done
#7 DONE 0.0s

#8 [api build 2/7] WORKDIR /src
#8 CACHED

#9 [api build 4/7] RUN dotnet restore CavoodleTrading.Api/CavoodleTrading.Api.csproj
#9 CACHED

#10 [api build 3/7] COPY src/CavoodleTrading.Api/CavoodleTrading.Api.csproj CavoodleTrading.Api/
#10 CACHED

#11 [api build 5/7] COPY src/ .
#11 CACHED

#12 [api build 6/7] WORKDIR /src/CavoodleTrading.Api
#12 CACHED

#13 [api build 7/7] RUN dotnet build CavoodleTrading.Api.csproj --no-restore -c Release -o /app/build
#13 3.397 /src/CavoodleTrading.Api/Features/Listings/ListingsEndpoints.cs(262,25): error CS0117: 'PersonalityType' does not contain a definition for 'BarkingBarrister' [/src/CavoodleTrading.Api/CavoodleTrading.Api.csproj]
#13 3.397 /src/CavoodleTrading.Api/Features/Listings/ListingsEndpoints.cs(264,25): error CS0117: 'PersonalityType' does not contain a definition for 'GardenDestroyer' [/src/CavoodleTrading.Api/CavoodleTrading.Api.csproj]
#13 3.407 
#13 3.408 Build FAILED.
#13 3.408 
#13 3.408 /src/CavoodleTrading.Api/Features/Listings/ListingsEndpoints.cs(262,25): error CS0117: 'PersonalityType' does not contain a definition for 'BarkingBarrister' [/src/CavoodleTrading.Api/CavoodleTrading.Api.csproj]
#13 3.408 /src/CavoodleTrading.Api/Features/Listings/ListingsEndpoints.cs(264,25): error CS0117: 'PersonalityType' does not contain a definition for 'GardenDestroyer' [/src/CavoodleTrading.Api/CavoodleTrading.Api.csproj]
#13 3.408     0 Warning(s)
#13 3.408     2 Error(s)
#13 3.408 
#13 3.408 Time Elapsed 00:00:02.86
#13 ERROR: process "/bin/sh -c dotnet build CavoodleTrading.Api.csproj --no-restore -c Release -o /app/build" did not complete successfully: exit code: 1
------
 > [api build 7/7] RUN dotnet build CavoodleTrading.Api.csproj --no-restore -c Release -o /app/build:
3.397 /src/CavoodleTrading.Api/Features/Listings/ListingsEndpoints.cs(264,25): error CS0117: 'PersonalityType' does not contain a definition for 'GardenDestroyer' [/src/CavoodleTrading.Api/CavoodleTrading.Api.csproj]
3.407 
3.408 Build FAILED.
3.408 
3.408 /src/CavoodleTrading.Api/Features/Listings/ListingsEndpoints.cs(262,25): error CS0117: 'PersonalityType' does not contain a definition for 'BarkingBarrister' [/src/CavoodleTrading.Api/CavoodleTrading.Api.csproj]
3.408 /src/CavoodleTrading.Api/Features/Listings/ListingsEndpoints.cs(264,25): error CS0117: 'PersonalityType' does not contain a definition for 'GardenDestroyer' [/src/CavoodleTrading.Api/CavoodleTrading.Api.csproj]
3.408     0 Warning(s)
3.408     2 Error(s)
3.408 
3.408 Time Elapsed 00:00:02.86
------
failed to solve: process "/bin/sh -c dotnet build CavoodleTrading.Api.csproj --no-restore -c Release -o /app/build" did not complete successfully: exit code: 1
